Mastra ve Telegram entegrasyonu başlatılıyor...
Telegram botu başlatıldı. Mesajlar bekleniyor...
Köprü başlatıldı! Ctrl+C ile durdurun.
error: [polling_error] {"code":"ETELEGRAM","message":"ETELEGRAM: 409 Conflict: terminated by other getUpdates request; make sure that only one bot instance is running"}
error: [polling_error] {"code":"ETELEGRAM","message":"ETELEGRAM: 409 Conflict: terminated by other getUpdates request; make sure that only one bot instance is running"}
error: [polling_error] {"code":"ETELEGRAM","message":"ETELEGRAM: 409 Conflict: terminated by other getUpdates request; make sure that only one bot instance is running"}
error: [polling_error] {"code":"ETELEGRAM","message":"ETELEGRAM: 409 Conflict: terminated by other getUpdates request; make sure that only one bot instance is running"}
Mastra Agent'a gönderiliyor: nasilsin...
Mastra API hatası: TypeError: fetch is not a function
    at sendToMastraAgent (C:\Users\djosm\Desktop\aigile-bunderbot-master\mastra_bridge.cjs:170:28)
    at TelegramBot.<anonymous> (C:\Users\djosm\Desktop\aigile-bunderbot-master\mastra_bridge.cjs:123:30)
    at TelegramBot.emit (C:\Users\djosm\Desktop\aigile-bunderbot-master\node_modules\eventemitter3\index.js:182:35)
    at TelegramBot.processUpdate (C:\Users\djosm\Desktop\aigile-bunderbot-master\node_modules\node-telegram-bot-api\src\telegram.js:706:12)
    at C:\Users\djosm\Desktop\aigile-bunderbot-master\node_modules\node-telegram-bot-api\src\telegramPolling.js:110:22
    at Array.forEach (<anonymous>)
    at C:\Users\djosm\Desktop\aigile-bunderbot-master\node_modules\node-telegram-bot-api\src\telegramPolling.js:106:17
    at tryCatcher (C:\Users\djosm\Desktop\aigile-bunderbot-master\node_modules\bluebird\js\release\util.js:16:23)
    at Promise._settlePromiseFromHandler (C:\Users\djosm\Desktop\aigile-bunderbot-master\node_modules\bluebird\js\release\promise.js:547:31)
    at Promise._settlePromise (C:\Users\djosm\Desktop\aigile-bunderbot-master\node_modules\bluebird\js\release\promise.js:604:18)
    at Promise._settlePromise0 (C:\Users\djosm\Desktop\aigile-bunderbot-master\node_modules\bluebird\js\release\promise.js:649:10)
    at Promise._settlePromises (C:\Users\djosm\Desktop\aigile-bunderbot-master\node_modules\bluebird\js\release\promise.js:729:18)
    at _drainQueueStep (C:\Users\djosm\Desktop\aigile-bunderbot-master\node_modules\bluebird\js\release\async.js:93:12)
    at _drainQueue (C:\Users\djosm\Desktop\aigile-bunderbot-master\node_modules\bluebird\js\release\async.js:86:9)
    at Async._drainQueues (C:\Users\djosm\Desktop\aigile-bunderbot-master\node_modules\bluebird\js\release\async.js:102:5)
    at Async.drainQueues [as _onImmediate] (C:\Users\djosm\Desktop\aigile-bunderbot-master\node_modules\bluebird\js\release\async.js:15:14)
    at process.processImmediate (node:internal/timers:485:21)
Mesaj işleme hatası: TypeError: fetch is not a function
    at sendToMastraAgent (C:\Users\djosm\Desktop\aigile-bunderbot-master\mastra_bridge.cjs:170:28)
    at TelegramBot.<anonymous> (C:\Users\djosm\Desktop\aigile-bunderbot-master\mastra_bridge.cjs:123:30)
    at TelegramBot.emit (C:\Users\djosm\Desktop\aigile-bunderbot-master\node_modules\eventemitter3\index.js:182:35)
    at TelegramBot.processUpdate (C:\Users\djosm\Desktop\aigile-bunderbot-master\node_modules\node-telegram-bot-api\src\telegram.js:706:12)
    at C:\Users\djosm\Desktop\aigile-bunderbot-master\node_modules\node-telegram-bot-api\src\telegramPolling.js:110:22
    at Array.forEach (<anonymous>)
    at C:\Users\djosm\Desktop\aigile-bunderbot-master\node_modules\node-telegram-bot-api\src\telegramPolling.js:106:17
    at tryCatcher (C:\Users\djosm\Desktop\aigile-bunderbot-master\node_modules\bluebird\js\release\util.js:16:23)
    at Promise._settlePromiseFromHandler (C:\Users\djosm\Desktop\aigile-bunderbot-master\node_modules\bluebird\js\release\promise.js:547:31)
    at Promise._settlePromise (C:\Users\djosm\Desktop\aigile-bunderbot-master\node_modules\bluebird\js\release\promise.js:604:18)
    at Promise._settlePromise0 (C:\Users\djosm\Desktop\aigile-bunderbot-master\node_modules\bluebird\js\release\promise.js:649:10)
    at Promise._settlePromises (C:\Users\djosm\Desktop\aigile-bunderbot-master\node_modules\bluebird\js\release\promise.js:729:18)
    at _drainQueueStep (C:\Users\djosm\Desktop\aigile-bunderbot-master\node_modules\bluebird\js\release\async.js:93:12)
    at _drainQueue (C:\Users\djosm\Desktop\aigile-bunderbot-master\node_modules\bluebird\js\release\async.js:86:9)
    at Async._drainQueues (C:\Users\djosm\Desktop\aigile-bunderbot-master\node_modules\bluebird\js\release\async.js:102:5)
    at Async.drainQueues [as _onImmediate] (C:\Users\djosm\Desktop\aigile-bunderbot-master\node_modules\bluebird\js\release\async.js:15:14)
    at process.processImmediate (node:internal/timers:485:21)
Mastra Agent'a gönderiliyor: tabiki...
Mastra API hatası: TypeError: fetch is not a function
    at sendToMastraAgent (C:\Users\djosm\Desktop\aigile-bunderbot-master\mastra_bridge.cjs:170:28)
    at TelegramBot.<anonymous> (C:\Users\djosm\Desktop\aigile-bunderbot-master\mastra_bridge.cjs:123:30)
    at TelegramBot.emit (C:\Users\djosm\Desktop\aigile-bunderbot-master\node_modules\eventemitter3\index.js:182:35)
    at TelegramBot.processUpdate (C:\Users\djosm\Desktop\aigile-bunderbot-master\node_modules\node-telegram-bot-api\src\telegram.js:706:12)
    at C:\Users\djosm\Desktop\aigile-bunderbot-master\node_modules\node-telegram-bot-api\src\telegramPolling.js:110:22
    at Array.forEach (<anonymous>)
    at C:\Users\djosm\Desktop\aigile-bunderbot-master\node_modules\node-telegram-bot-api\src\telegramPolling.js:106:17
    at tryCatcher (C:\Users\djosm\Desktop\aigile-bunderbot-master\node_modules\bluebird\js\release\util.js:16:23)
    at Promise._settlePromiseFromHandler (C:\Users\djosm\Desktop\aigile-bunderbot-master\node_modules\bluebird\js\release\promise.js:547:31)
    at Promise._settlePromise (C:\Users\djosm\Desktop\aigile-bunderbot-master\node_modules\bluebird\js\release\promise.js:604:18)
    at Promise._settlePromise0 (C:\Users\djosm\Desktop\aigile-bunderbot-master\node_modules\bluebird\js\release\promise.js:649:10)
    at Promise._settlePromises (C:\Users\djosm\Desktop\aigile-bunderbot-master\node_modules\bluebird\js\release\promise.js:729:18)
    at _drainQueueStep (C:\Users\djosm\Desktop\aigile-bunderbot-master\node_modules\bluebird\js\release\async.js:93:12)
    at _drainQueue (C:\Users\djosm\Desktop\aigile-bunderbot-master\node_modules\bluebird\js\release\async.js:86:9)
    at Async._drainQueues (C:\Users\djosm\Desktop\aigile-bunderbot-master\node_modules\bluebird\js\release\async.js:102:5)
    at Async.drainQueues [as _onImmediate] (C:\Users\djosm\Desktop\aigile-bunderbot-master\node_modules\bluebird\js\release\async.js:15:14)
    at process.processImmediate (node:internal/timers:485:21)
Mesaj işleme hatası: TypeError: fetch is not a function
    at sendToMastraAgent (C:\Users\djosm\Desktop\aigile-bunderbot-master\mastra_bridge.cjs:170:28)
    at TelegramBot.<anonymous> (C:\Users\djosm\Desktop\aigile-bunderbot-master\mastra_bridge.cjs:123:30)
    at TelegramBot.emit (C:\Users\djosm\Desktop\aigile-bunderbot-master\node_modules\eventemitter3\index.js:182:35)
    at TelegramBot.processUpdate (C:\Users\djosm\Desktop\aigile-bunderbot-master\node_modules\node-telegram-bot-api\src\telegram.js:706:12)
    at C:\Users\djosm\Desktop\aigile-bunderbot-master\node_modules\node-telegram-bot-api\src\telegramPolling.js:110:22
    at Array.forEach (<anonymous>)
    at C:\Users\djosm\Desktop\aigile-bunderbot-master\node_modules\node-telegram-bot-api\src\telegramPolling.js:106:17
    at tryCatcher (C:\Users\djosm\Desktop\aigile-bunderbot-master\node_modules\bluebird\js\release\util.js:16:23)
    at Promise._settlePromiseFromHandler (C:\Users\djosm\Desktop\aigile-bunderbot-master\node_modules\bluebird\js\release\promise.js:547:31)
    at Promise._settlePromise (C:\Users\djosm\Desktop\aigile-bunderbot-master\node_modules\bluebird\js\release\promise.js:604:18)
    at Promise._settlePromise0 (C:\Users\djosm\Desktop\aigile-bunderbot-master\node_modules\bluebird\js\release\promise.js:649:10)
    at Promise._settlePromises (C:\Users\djosm\Desktop\aigile-bunderbot-master\node_modules\bluebird\js\release\promise.js:729:18)
    at _drainQueueStep (C:\Users\djosm\Desktop\aigile-bunderbot-master\node_modules\bluebird\js\release\async.js:93:12)
    at _drainQueue (C:\Users\djosm\Desktop\aigile-bunderbot-master\node_modules\bluebird\js\release\async.js:86:9)
    at Async._drainQueues (C:\Users\djosm\Desktop\aigile-bunderbot-master\node_modules\bluebird\js\release\async.js:102:5)
    at Async.drainQueues [as _onImmediate] (C:\Users\djosm\Desktop\aigile-bunderbot-master\node_modules\bluebird\js\release\async.js:15:14)
    at process.processImmediate (node:internal/timers:485:21)
error: [polling_error] {"code":"ETELEGRAM","message":"ETELEGRAM: 409 Conflict: terminated by other getUpdates request; make sure that only one bot instance is running"}
error: [polling_error] {"code":"ETELEGRAM","message":"ETELEGRAM: 409 Conflict: terminated by other getUpdates request; make sure that only one bot instance is running"}
error: [polling_error] {"code":"ETELEGRAM","message":"ETELEGRAM: 409 Conflict: terminated by other getUpdates request; make sure that only one bot instance is running"}
error: [polling_error] {"code":"ETELEGRAM","message":"ETELEGRAM: 409 Conflict: terminated by other getUpdates request; make sure that only one bot instance is running"}
error: [polling_error] {"code":"ETELEGRAM","message":"ETELEGRAM: 409 Conflict: terminated by other getUpdates request; make sure that only one bot instance is running"}
^C